{"uid":"23aa2739e95c55da","name":"Add label to existing issue for authorized user","fullName":"src/test/resources/features/labels-web.feature:11","historyId":"f454bab9898ae71f9a90de64619d41ac","time":{"start":1730913577178,"stop":1730913578189,"duration":1011},"status":"failed","statusMessage":"expected [another text] but found [hello]","statusTrace":"java.lang.AssertionError: expected [another text] but found [hello]\n\tat org.testng.Assert.fail(Assert.java:111)\n\tat org.testng.Assert.failNotEquals(Assert.java:1578)\n\tat org.testng.Assert.assertEqualsImpl(Assert.java:150)\n\tat org.testng.Assert.assertEquals(Assert.java:132)\n\tat org.testng.Assert.assertEquals(Assert.java:656)\n\tat org.testng.Assert.assertEquals(Assert.java:666)\n\tat com.example.cucumberjvm.steps.WebSteps.maybeThrowAssertionException(WebSteps.java:94)\n\tat com.example.cucumberjvm.steps.WebSteps.labelsShouldContainsNoteWithText(WebSteps.java:41)\n\tat ✽.I should see issue with label title \"hello\"(file:///home/runner/work/cucumberjvm-testng-gradle/cucumberjvm-testng-gradle/src/test/resources/features/labels-web.feature:15)\n","flaky":false,"newFailed":false,"newBroken":false,"newPassed":false,"retriesCount":0,"retriesStatusChange":false,"beforeStages":[],"testStage":{"status":"failed","statusMessage":"expected [another text] but found [hello]","statusTrace":"java.lang.AssertionError: expected [another text] but found [hello]\n\tat org.testng.Assert.fail(Assert.java:111)\n\tat org.testng.Assert.failNotEquals(Assert.java:1578)\n\tat org.testng.Assert.assertEqualsImpl(Assert.java:150)\n\tat org.testng.Assert.assertEquals(Assert.java:132)\n\tat org.testng.Assert.assertEquals(Assert.java:656)\n\tat org.testng.Assert.assertEquals(Assert.java:666)\n\tat com.example.cucumberjvm.steps.WebSteps.maybeThrowAssertionException(WebSteps.java:94)\n\tat com.example.cucumberjvm.steps.WebSteps.labelsShouldContainsNoteWithText(WebSteps.java:41)\n\tat ✽.I should see issue with label title \"hello\"(file:///home/runner/work/cucumberjvm-testng-gradle/cucumberjvm-testng-gradle/src/test/resources/features/labels-web.feature:15)\n","steps":[{"name":"When I open issue with id 123123","time":{"start":1730913577178,"stop":1730913577178,"duration":0},"status":"passed","steps":[],"attachments":[],"parameters":[],"shouldDisplayMessage":false,"stepsCount":0,"attachmentsCount":0,"hasContent":false,"attachmentStep":false},{"name":"And I add label with title \"hello\" to issue","time":{"start":1730913577178,"stop":1730913577178,"duration":0},"status":"passed","steps":[],"attachments":[],"parameters":[],"shouldDisplayMessage":false,"stepsCount":0,"attachmentsCount":0,"hasContent":false,"attachmentStep":false},{"name":"And I filter issue by label title \"hello\"","time":{"start":1730913577178,"stop":1730913577178,"duration":0},"status":"passed","steps":[],"attachments":[],"parameters":[],"shouldDisplayMessage":false,"stepsCount":0,"attachmentsCount":0,"hasContent":false,"attachmentStep":false},{"name":"Then I should see issue with label title \"hello\"","time":{"start":1730913577179,"stop":1730913578188,"duration":1009},"status":"failed","statusMessage":"expected [another text] but found [hello]","statusTrace":"java.lang.AssertionError: expected [another text] but found [hello]\n\tat org.testng.Assert.fail(Assert.java:111)\n\tat org.testng.Assert.failNotEquals(Assert.java:1578)\n\tat org.testng.Assert.assertEqualsImpl(Assert.java:150)\n\tat org.testng.Assert.assertEquals(Assert.java:132)\n\tat org.testng.Assert.assertEquals(Assert.java:656)\n\tat org.testng.Assert.assertEquals(Assert.java:666)\n\tat com.example.cucumberjvm.steps.WebSteps.maybeThrowAssertionException(WebSteps.java:94)\n\tat com.example.cucumberjvm.steps.WebSteps.labelsShouldContainsNoteWithText(WebSteps.java:41)\n\tat ✽.I should see issue with label title \"hello\"(file:///home/runner/work/cucumberjvm-testng-gradle/cucumberjvm-testng-gradle/src/test/resources/features/labels-web.feature:15)\n","steps":[],"attachments":[],"parameters":[],"shouldDisplayMessage":true,"stepsCount":0,"attachmentsCount":0,"hasContent":true,"attachmentStep":false}],"attachments":[],"parameters":[],"shouldDisplayMessage":false,"stepsCount":4,"attachmentsCount":0,"hasContent":true,"attachmentStep":false},"afterStages":[],"labels":[{"name":"tag","value":"allure.label.owner:eroshenkoam"},{"name":"tag","value":"smoke"},{"name":"host","value":"fv-az736-261"},{"name":"thread","value":"2229@fv-az736-261.Test worker(1)"},{"name":"feature","value":"Labels"},{"name":"story","value":"Add label to existing issue for authorized user"},{"name":"suite","value":"Labels"},{"name":"testClass","value":"Add label to existing issue for authorized user"},{"name":"framework","value":"cucumber4jvm"},{"name":"language","value":"java"},{"name":"gherkin_uri","value":"file:///home/runner/work/cucumberjvm-testng-gradle/cucumberjvm-testng-gradle/src/test/resources/features/labels-web.feature"},{"name":"package","value":"src.test.resources.features.labels-web_feature.Labels"},{"name":"resultFormat","value":"allure2"},{"name":"owner","value":"eroshenkoam"}],"parameters":[],"links":[],"hidden":false,"retry":false,"extra":{"severity":"normal","owner":"eroshenkoam","retries":[],"categories":[{"name":"Product defects","matchedStatuses":[],"flaky":false}],"tags":["smoke"]},"source":"23aa2739e95c55da.json","parameterValues":[]}